<?xml version="1.0" encoding="UTF-8"?>
<!-- Generated by org.testng.reporters.JUnitReportReporter -->
<testsuite hostname="DESKTOP-N2DLURR" failures="1" tests="1" name="cucumberOption.FailedTestRunner" time="7.311" errors="0" timestamp="2024-07-05T14:14:46 IST" skipped="0">
  <testcase classname="cucumberOption.FailedTestRunner" name="runScenario" time="7.311">
    <failure message="expected [Beetroot] but found [No data]" type="java.lang.AssertionError">
      <![CDATA[java.lang.AssertionError: expected [Beetroot] but found [No data]
at org.testng.Assert.fail(Assert.java:111)
at org.testng.Assert.failNotEquals(Assert.java:1578)
at org.testng.Assert.assertEqualsImpl(Assert.java:150)
at org.testng.Assert.assertEquals(Assert.java:132)
at org.testng.Assert.assertEquals(Assert.java:656)
at org.testng.Assert.assertEquals(Assert.java:666)
at stepDefinitions.OffersPageStepDefinitions.validate_product_name_matches_in_offers_page(OffersPageStepDefinitions.java:70)
at ✽.validate product name matches in offers page(file:///C:/Users/N%20S%20ASHOKKUMAR/eclipse-workspace/CucumberFramework/src/test/java/features/searchproduct.feature:9)
]]>
    </failure>
  </testcase> <!-- runScenario -->
</testsuite> <!-- cucumberOption.FailedTestRunner -->
